app/build/intermediates/manifest_merge_blame_file/debug/processDebugMainManifest/manifest-merger-blame-debug-report.txt
1<?xml version="1.0" encoding="utf-8"?>
2<manifest xmlns:android="http://schemas.android.com/apk/res/android"
3    package="com.trafficlight"
4    android:versionCode="1"
5    android:versionName="1.0" >
6
7    <uses-sdk
8        android:minSdkVersion="33"
9        android:targetSdkVersion="34" />
10
11    <permission
11-->[androidx.core:core:1.13.1] AndroidManifest.xml:22:5-24:47
12        android:name="com.trafficlight.DYNAMIC_RECEIVER_NOT_EXPORTED_PERMISSION"
12-->[androidx.core:core:1.13.1] AndroidManifest.xml:23:9-81
13        android:protectionLevel="signature" />
13-->[androidx.core:core:1.13.1] AndroidManifest.xml:24:9-44
14
15    <uses-permission android:name="com.trafficlight.DYNAMIC_RECEIVER_NOT_EXPORTED_PERMISSION" /> <!-- No internet or other permissions required (FR-7.4, Constraints) -->
15-->[androidx.core:core:1.13.1] AndroidManifest.xml:26:5-97
15-->[androidx.core:core:1.13.1] AndroidManifest.xml:26:22-94
16    <application
16-->src/main/AndroidManifest.xml:6:5-23:19
17        android:allowBackup="true"
17-->src/main/AndroidManifest.xml:7:9-35
18        android:appComponentFactory="androidx.core.app.CoreComponentFactory"
18-->[androidx.core:core:1.13.1] AndroidManifest.xml:28:18-86
19        android:debuggable="true"
20        android:extractNativeLibs="false"
21        android:label="@string/app_name"
21-->src/main/AndroidManifest.xml:8:9-41
22        android:supportsRtl="true"
22-->src/main/AndroidManifest.xml:9:9-35
23        android:testOnly="true"
24        android:theme="@style/Theme.TrafficLight" >
24-->src/main/AndroidManifest.xml:10:9-50
25        <activity
25-->src/main/AndroidManifest.xml:12:9-21:20
26            android:name="com.trafficlight.MainActivity"
26-->src/main/AndroidManifest.xml:13:13-41
27            android:exported="true"
27-->src/main/AndroidManifest.xml:14:13-36
28            android:screenOrientation="unspecified"
28-->src/main/AndroidManifest.xml:15:13-52
29            android:windowSoftInputMode="adjustResize" >
29-->src/main/AndroidManifest.xml:16:13-55
30            <intent-filter>
30-->src/main/AndroidManifest.xml:17:13-20:29
31                <action android:name="android.intent.action.MAIN" />
31-->src/main/AndroidManifest.xml:18:17-69
31-->src/main/AndroidManifest.xml:18:25-66
32
33                <category android:name="android.intent.category.LAUNCHER" />
33-->src/main/AndroidManifest.xml:19:17-77
33-->src/main/AndroidManifest.xml:19:27-74
34            </intent-filter>
35        </activity>
36
37        <provider
37-->[androidx.emoji2:emoji2:1.3.0] AndroidManifest.xml:24:9-32:20
38            android:name="androidx.startup.InitializationProvider"
38-->[androidx.emoji2:emoji2:1.3.0] AndroidManifest.xml:25:13-67
39            android:authorities="com.trafficlight.androidx-startup"
39-->[androidx.emoji2:emoji2:1.3.0] AndroidManifest.xml:26:13-68
40            android:exported="false" >
40-->[androidx.emoji2:emoji2:1.3.0] AndroidManifest.xml:27:13-37
41            <meta-data
41-->[androidx.emoji2:emoji2:1.3.0] AndroidManifest.xml:29:13-31:52
42                android:name="androidx.emoji2.text.EmojiCompatInitializer"
42-->[androidx.emoji2:emoji2:1.3.0] AndroidManifest.xml:30:17-75
43                android:value="androidx.startup" />
43-->[androidx.emoji2:emoji2:1.3.0] AndroidManifest.xml:31:17-49
44            <meta-data
44-->[androidx.lifecycle:lifecycle-process:2.8.3] AndroidManifest.xml:29:13-31:52
45                android:name="androidx.lifecycle.ProcessLifecycleInitializer"
45-->[androidx.lifecycle:lifecycle-process:2.8.3] AndroidManifest.xml:30:17-78
46                android:value="androidx.startup" />
46-->[androidx.lifecycle:lifecycle-process:2.8.3] AndroidManifest.xml:31:17-49
47            <meta-data
47-->[androidx.profileinstaller:profileinstaller:1.3.1] AndroidManifest.xml:29:13-31:52
48                android:name="androidx.profileinstaller.ProfileInstallerInitializer"
48-->[androidx.profileinstaller:profileinstaller:1.3.1] AndroidManifest.xml:30:17-85
49                android:value="androidx.startup" />
49-->[androidx.profileinstaller:profileinstaller:1.3.1] AndroidManifest.xml:31:17-49
50        </provider>
51
52        <activity
52-->[androidx.compose.ui:ui-test-manifest:1.6.8] AndroidManifest.xml:23:9-25:39
53            android:name="androidx.activity.ComponentActivity"
53-->[androidx.compose.ui:ui-test-manifest:1.6.8] AndroidManifest.xml:24:13-63
54            android:exported="true" />
54-->[androidx.compose.ui:ui-test-manifest:1.6.8] AndroidManifest.xml:25:13-36
55        <activity
55-->[androidx.compose.ui:ui-tooling-android:1.6.8] AndroidManifest.xml:23:9-25:39
56            android:name="androidx.compose.ui.tooling.PreviewActivity"
56-->[androidx.compose.ui:ui-tooling-android:1.6.8] AndroidManifest.xml:24:13-71
57            android:exported="true" />
57-->[androidx.compose.ui:ui-tooling-android:1.6.8] AndroidManifest.xml:25:13-36
58
59        <receiver
59-->[androidx.profileinstaller:profileinstaller:1.3.1] AndroidManifest.xml:34:9-52:20
60            android:name="androidx.profileinstaller.ProfileInstallReceiver"
60-->[androidx.profileinstaller:profileinstaller:1.3.1] AndroidManifest.xml:35:13-76
61            android:directBootAware="false"
61-->[androidx.profileinstaller:profileinstaller:1.3.1] AndroidManifest.xml:36:13-44
62            android:enabled="true"
62-->[androidx.profileinstaller:profileinstaller:1.3.1] AndroidManifest.xml:37:13-35
63            android:exported="true"
63-->[androidx.profileinstaller:profileinstaller:1.3.1] AndroidManifest.xml:38:13-36
64            android:permission="android.permission.DUMP" >
64-->[androidx.profileinstaller:profileinstaller:1.3.1] AndroidManifest.xml:39:13-57
65            <intent-filter>
65-->[androidx.profileinstaller:profileinstaller:1.3.1] AndroidManifest.xml:40:13-42:29
66                <action android:name="androidx.profileinstaller.action.INSTALL_PROFILE" />
66-->[androidx.profileinstaller:profileinstaller:1.3.1] AndroidManifest.xml:41:17-91
66-->[androidx.profileinstaller:profileinstaller:1.3.1] AndroidManifest.xml:41:25-88
67            </intent-filter>
68            <intent-filter>
68-->[androidx.profileinstaller:profileinstaller:1.3.1] AndroidManifest.xml:43:13-45:29
69                <action android:name="androidx.profileinstaller.action.SKIP_FILE" />
69-->[androidx.profileinstaller:profileinstaller:1.3.1] AndroidManifest.xml:44:17-85
69-->[androidx.profileinstaller:profileinstaller:1.3.1] AndroidManifest.xml:44:25-82
70            </intent-filter>
71            <intent-filter>
71-->[androidx.profileinstaller:profileinstaller:1.3.1] AndroidManifest.xml:46:13-48:29
72                <action android:name="androidx.profileinstaller.action.SAVE_PROFILE" />
72-->[androidx.profileinstaller:profileinstaller:1.3.1] AndroidManifest.xml:47:17-88
72-->[androidx.profileinstaller:profileinstaller:1.3.1] AndroidManifest.xml:47:25-85
73            </intent-filter>
74            <intent-filter>
74-->[androidx.profileinstaller:profileinstaller:1.3.1] AndroidManifest.xml:49:13-51:29
75                <action android:name="androidx.profileinstaller.action.BENCHMARK_OPERATION" />
75-->[androidx.profileinstaller:profileinstaller:1.3.1] AndroidManifest.xml:50:17-95
75-->[androidx.profileinstaller:profileinstaller:1.3.1] AndroidManifest.xml:50:25-92
76            </intent-filter>
77        </receiver>
78    </application>
79
80</manifest>